<?xml version="1.0" encoding="UTF-8"?>
<!-- Generated by org.testng.reporters.JUnitXMLReporter -->
<testsuite ignored="1" hostname="Naman" failures="0" tests="1" name="Default test" time="13.941" errors="0" timestamp="2024-09-22T01:51:56 IST">
  <testcase classname="com.testcases.ScheduleYourDemopageTest" name="scheduleYourDemopage" time="0.905"/>
  <testcase classname="com.testcases.ScheduleYourDemopageTest" name="verifyScheduleYourDemopage" time="0.0">
    <ignored/>
  </testcase> <!-- verifyScheduleYourDemopage -->
</testsuite> <!-- Default test -->
