<?xml version="1.0" encoding="UTF-8"?>
<!-- Generated by org.testng.reporters.JUnitXMLReporter -->
<testsuite ignored="0" hostname="Naman" failures="2" tests="4" name="Test" time="87.574" errors="0" timestamp="2024-09-22T01:17:18 IST">
  <testcase classname="com.testcases.ScheduleYourDemopageTest" name="@BeforeMethod setUp" time="28.822">
    <failure type="java.lang.NullPointerException" message="Cannot invoke &amp;quot;com.pages.HomePage.goToScheduleYourDemopage()&amp;quot; because &amp;quot;com.testcases.ScheduleYourDemopageTest.homePage&amp;quot; is null">
      <![CDATA[java.lang.NullPointerException: Cannot invoke "com.pages.HomePage.goToScheduleYourDemopage()" because "com.testcases.ScheduleYourDemopageTest.homePage" is null
at com.testcases.ScheduleYourDemopageTest.setUp(ScheduleYourDemopageTest.java:30)
at java.base/java.util.ArrayList.forEach(ArrayList.java:1511)
... Removed 31 stack frames]]>
    </failure>
  </testcase> <!-- @BeforeMethod setUp -->
  <testcase classname="com.testcases.ScheduleYourDemopageTest" name="@AfterMethod tearDown" time="0.0">
    <skipped/>
  </testcase> <!-- @AfterMethod tearDown -->
  <testcase classname="com.testcases.ScheduleYourDemopageTest" name="@BeforeMethod setUp" time="0.0">
    <skipped/>
  </testcase> <!-- @BeforeMethod setUp -->
  <testcase classname="com.testcases.ScheduleYourDemopageTest" name="@AfterMethod tearDown" time="0.0">
    <skipped/>
  </testcase> <!-- @AfterMethod tearDown -->
  <testcase classname="com.testcases.HomePageTest" name="verifygetAppHomeTitle" time="0.003">
    <failure type="java.lang.NullPointerException" message="Cannot invoke &amp;quot;com.pages.HomePage.getAppHomeTitle()&amp;quot; because &amp;quot;com.testcases.HomePageTest.homePage&amp;quot; is null">
      <![CDATA[java.lang.NullPointerException: Cannot invoke "com.pages.HomePage.getAppHomeTitle()" because "com.testcases.HomePageTest.homePage" is null
at com.testcases.HomePageTest.verifygetAppHomeTitle(HomePageTest.java:46)
at java.base/java.util.ArrayList.forEach(ArrayList.java:1511)
... Removed 27 stack frames]]>
    </failure>
  </testcase> <!-- verifygetAppHomeTitle -->
  <testcase classname="com.testcases.HomePageTest" name="verifylinkScheduleYourDemo" time="0.0">
    <failure type="java.lang.NullPointerException" message="Cannot invoke &amp;quot;com.pages.HomePage.linklnkScheduleYourDemo()&amp;quot; because &amp;quot;com.testcases.HomePageTest.homePage&amp;quot; is null">
      <![CDATA[java.lang.NullPointerException: Cannot invoke "com.pages.HomePage.linklnkScheduleYourDemo()" because "com.testcases.HomePageTest.homePage" is null
at com.testcases.HomePageTest.verifylinkScheduleYourDemo(HomePageTest.java:54)
at java.base/java.util.ArrayList.forEach(ArrayList.java:1511)
... Removed 27 stack frames]]>
    </failure>
  </testcase> <!-- verifylinkScheduleYourDemo -->
  <testcase classname="com.testcases.ScheduleYourDemopageTest" name="scheduleYourDemopage" time="0.0">
    <skipped/>
  </testcase> <!-- scheduleYourDemopage -->
  <testcase classname="com.testcases.ScheduleYourDemopageTest" name="verifyScheduleYourDemopage" time="0.0">
    <skipped/>
  </testcase> <!-- verifyScheduleYourDemopage -->
</testsuite> <!-- Test -->
