<?xml version="1.0" encoding="UTF-8"?>
<testng-results ignored="1" total="2" passed="1" failed="0" skipped="0">
  <reporter-output>
  </reporter-output>
  <suite started-at="2024-09-22T01:51:42 IST" name="Default suite" finished-at="2024-09-22T01:51:56 IST" duration-ms="13941">
    <groups>
    </groups>
    <test started-at="2024-09-22T01:51:42 IST" name="Default test" finished-at="2024-09-22T01:51:56 IST" duration-ms="13941">
      <class name="com.testcases.ScheduleYourDemopageTest">
        <test-method is-config="true" signature="setUp()[pri:0, instance:com.testcases.ScheduleYourDemopageTest@11392934]" started-at="2024-09-22T01:51:43 IST" name="setUp" finished-at="2024-09-22T01:51:55 IST" duration-ms="11954" status="PASS">
          <reporter-output>
          </reporter-output>
        </test-method> <!-- setUp -->
        <test-method signature="scheduleYourDemopage(java.lang.String,java.lang.String,java.lang.String,java.lang.String,java.lang.String,java.lang.String)[pri:0, instance:com.testcases.ScheduleYourDemopageTest@11392934]" started-at="2024-09-22T01:51:55 IST" name="scheduleYourDemopage" data-provider="data" finished-at="2024-09-22T01:51:56 IST" duration-ms="905" status="PASS">
          <params>
            <param index="0">
              <value>
                <![CDATA[name1]]>
              </value>
            </param>
            <param index="1">
              <value>
                <![CDATA[last1]]>
              </value>
            </param>
            <param index="2">
              <value>
                <![CDATA[namelast@test.com]]>
              </value>
            </param>
            <param index="3">
              <value>
                <![CDATA[entrata]]>
              </value>
            </param>
            <param index="4">
              <value>
                <![CDATA[9090909090]]>
              </value>
            </param>
            <param index="5">
              <value>
                <![CDATA[QA]]>
              </value>
            </param>
          </params>
          <reporter-output>
          </reporter-output>
        </test-method> <!-- scheduleYourDemopage -->
        <test-method is-config="true" signature="tearDown()[pri:0, instance:com.testcases.ScheduleYourDemopageTest@11392934]" started-at="2024-09-22T01:51:56 IST" name="tearDown" finished-at="2024-09-22T01:51:56 IST" duration-ms="145" status="PASS">
          <reporter-output>
          </reporter-output>
        </test-method> <!-- tearDown -->
      </class> <!-- com.testcases.ScheduleYourDemopageTest -->
    </test> <!-- Default test -->
  </suite> <!-- Default suite -->
</testng-results>
